TpTrace Verbose: 0 : 2852, 1, 2024/04/01, 00:25:32.275, 12779894305105, vstest.console.dll, Version: 17.9.0-release-23627-01 Current process architecture: X64
TpTrace Verbose: 0 : 2852, 1, 2024/04/01, 00:25:32.281, 12779894359831, vstest.console.dll, Runtime location: C:\Program Files\dotnet\shared\Microsoft.NETCore.App\8.0.2
TpTrace Verbose: 0 : 2852, 1, 2024/04/01, 00:25:32.285, 12779894399292, vstest.console.dll, ArtifactProcessingPostProcessModeProcessorExecutor.Initialize: ArtifactProcessingMode.Collect
TpTrace Verbose: 0 : 2852, 1, 2024/04/01, 00:25:32.285, 12779894401902, vstest.console.dll, TestSessionCorrelationIdProcessorModeProcessorExecutor.Initialize: TestSessionCorrelationId '12988_dd5e3efc-b5fe-4531-bd7a-6c3d37807f0d'
TpTrace Information: 0 : 2852, 1, 2024/04/01, 00:25:32.299, 12779894537856, vstest.console.dll, FilePatternParser: The given file C:\Users\User\Desktop\Softuni QAF\Back End - MARCH\14.Exercise (CI) - part 2\12-Continuous-Integration-II-Resources\02-House-Renting-System-App\HouseRentingSystem.Tests\bin\Debug\net6.0\fine-code-coverage\build-output\HouseRentingSystem.Tests.dll is a full path.
TpTrace Verbose: 0 : 2852, 1, 2024/04/01, 00:25:32.308, 12779894626918, vstest.console.dll, TestPluginCache.DiscoverTestExtensions: finding test extensions in assemblies ends with: RuntimeProvider.dll TPluginInfo: Microsoft.VisualStudio.TestPlatform.Common.ExtensionFramework.Utilities.TestRuntimePluginInformation TExtension: Microsoft.VisualStudio.TestPlatform.ObjectModel.Host.ITestRuntimeProvider
TpTrace Verbose: 0 : 2852, 1, 2024/04/01, 00:25:32.308, 12779894634619, vstest.console.dll, TestPluginCache.GetExtensionPaths: Filtered extension paths: 
TpTrace Verbose: 0 : 2852, 1, 2024/04/01, 00:25:32.309, 12779894638401, vstest.console.dll, TestPluginCache.GetExtensionPaths: Added default extension paths: C:\Program Files\dotnet\sdk\8.0.200\Extensions\Microsoft.Diagnostics.NETCore.Client.dll
C:\Program Files\dotnet\sdk\8.0.200\Extensions\Microsoft.TestPlatform.Extensions.BlameDataCollector.dll
C:\Program Files\dotnet\sdk\8.0.200\Extensions\Microsoft.TestPlatform.Extensions.EventLogCollector.dll
C:\Program Files\dotnet\sdk\8.0.200\Extensions\Microsoft.TestPlatform.TestHostRuntimeProvider.dll
C:\Program Files\dotnet\sdk\8.0.200\Extensions\Microsoft.VisualStudio.TestPlatform.Extensions.Html.TestLogger.dll
C:\Program Files\dotnet\sdk\8.0.200\Extensions\Microsoft.VisualStudio.TestPlatform.Extensions.Trx.TestLogger.dll
TpTrace Verbose: 0 : 2852, 1, 2024/04/01, 00:25:32.309, 12779894639492, vstest.console.dll, TestPluginCache.GetExtensionPaths: Added unfilterableExtensionPaths: 
TpTrace Information: 0 : 2852, 1, 2024/04/01, 00:25:32.310, 12779894655041, vstest.console.dll, AssemblyResolver.ctor: Creating AssemblyResolver with searchDirectories C:\Program Files\dotnet\sdk\8.0.200\Extensions,C:\Program Files\dotnet\sdk\8.0.200
TpTrace Verbose: 0 : 2852, 1, 2024/04/01, 00:25:32.314, 12779894685827, vstest.console.dll, TestPluginCache.DiscoverTestExtensions: Discovering the extensions using extension path.
TpTrace Verbose: 0 : 2852, 1, 2024/04/01, 00:25:32.314, 12779894688080, vstest.console.dll, TestPluginCache.GetExtensionPaths: Filtered extension paths: 
TpTrace Verbose: 0 : 2852, 1, 2024/04/01, 00:25:32.314, 12779894688886, vstest.console.dll, TestPluginCache.GetExtensionPaths: Added default extension paths: C:\Program Files\dotnet\sdk\8.0.200\Extensions\Microsoft.Diagnostics.NETCore.Client.dll
C:\Program Files\dotnet\sdk\8.0.200\Extensions\Microsoft.TestPlatform.Extensions.BlameDataCollector.dll
C:\Program Files\dotnet\sdk\8.0.200\Extensions\Microsoft.TestPlatform.Extensions.EventLogCollector.dll
C:\Program Files\dotnet\sdk\8.0.200\Extensions\Microsoft.TestPlatform.TestHostRuntimeProvider.dll
C:\Program Files\dotnet\sdk\8.0.200\Extensions\Microsoft.VisualStudio.TestPlatform.Extensions.Html.TestLogger.dll
C:\Program Files\dotnet\sdk\8.0.200\Extensions\Microsoft.VisualStudio.TestPlatform.Extensions.Trx.TestLogger.dll
TpTrace Verbose: 0 : 2852, 1, 2024/04/01, 00:25:32.314, 12779894689384, vstest.console.dll, TestPluginCache.GetExtensionPaths: Added unfilterableExtensionPaths: 
TpTrace Verbose: 0 : 2852, 1, 2024/04/01, 00:25:32.314, 12779894691711, vstest.console.dll, TestPluginCache.DiscoverTestExtensions: Discovering the extensions using allExtensionPaths: C:\Program Files\dotnet\sdk\8.0.200\Extensions\Microsoft.Diagnostics.NETCore.Client.dll
C:\Program Files\dotnet\sdk\8.0.200\Extensions\Microsoft.TestPlatform.Extensions.BlameDataCollector.dll
C:\Program Files\dotnet\sdk\8.0.200\Extensions\Microsoft.TestPlatform.Extensions.EventLogCollector.dll
C:\Program Files\dotnet\sdk\8.0.200\Extensions\Microsoft.TestPlatform.TestHostRuntimeProvider.dll
C:\Program Files\dotnet\sdk\8.0.200\Extensions\Microsoft.VisualStudio.TestPlatform.Extensions.Html.TestLogger.dll
C:\Program Files\dotnet\sdk\8.0.200\Extensions\Microsoft.VisualStudio.TestPlatform.Extensions.Trx.TestLogger.dll
TpTrace Information: 0 : 2852, 1, 2024/04/01, 00:25:32.314, 12779894693290, vstest.console.dll, AssemblyResolver.AddSearchDirectories: Adding more searchDirectories C:\Program Files\dotnet\sdk\8.0.200\Extensions,C:\Program Files\dotnet\sdk\8.0.200
TpTrace Information: 0 : 2852, 1, 2024/04/01, 00:25:32.314, 12779894694119, vstest.console.dll, AssemblyResolver.AddSearchDirectories: Adding more searchDirectories C:\Program Files\dotnet\sdk\8.0.200\Extensions,C:\Program Files\dotnet\sdk\8.0.200
TpTrace Information: 0 : 2852, 1, 2024/04/01, 00:25:32.314, 12779894694786, vstest.console.dll, AssemblyResolver.AddSearchDirectories: Adding more searchDirectories C:\Program Files\dotnet\sdk\8.0.200\Extensions,C:\Program Files\dotnet\sdk\8.0.200
TpTrace Information: 0 : 2852, 1, 2024/04/01, 00:25:32.315, 12779894695306, vstest.console.dll, AssemblyResolver.AddSearchDirectories: Adding more searchDirectories C:\Program Files\dotnet\sdk\8.0.200\Extensions,C:\Program Files\dotnet\sdk\8.0.200
TpTrace Information: 0 : 2852, 1, 2024/04/01, 00:25:32.315, 12779894695793, vstest.console.dll, AssemblyResolver.AddSearchDirectories: Adding more searchDirectories C:\Program Files\dotnet\sdk\8.0.200\Extensions,C:\Program Files\dotnet\sdk\8.0.200
TpTrace Information: 0 : 2852, 1, 2024/04/01, 00:25:32.315, 12779894696700, vstest.console.dll, AssemblyResolver.AddSearchDirectories: Adding more searchDirectories C:\Program Files\dotnet\sdk\8.0.200\Extensions,C:\Program Files\dotnet\sdk\8.0.200
TpTrace Information: 0 : 2852, 1, 2024/04/01, 00:25:32.316, 12779894707079, vstest.console.dll, AssemblyResolver.OnResolve: Microsoft.Diagnostics.NETCore.Client: Resolving assembly.
TpTrace Information: 0 : 2852, 1, 2024/04/01, 00:25:32.316, 12779894708529, vstest.console.dll, AssemblyResolver.OnResolve: Microsoft.Diagnostics.NETCore.Client: Searching in: 'C:\Program Files\dotnet\sdk\8.0.200\Extensions'.
TpTrace Information: 0 : 2852, 1, 2024/04/01, 00:25:32.329, 12779894844988, vstest.console.dll, AssemblyResolver.OnResolve: Microsoft.Diagnostics.NETCore.Client: Loading assembly 'C:\Program Files\dotnet\sdk\8.0.200\Extensions\Microsoft.Diagnostics.NETCore.Client.dll'.
TpTrace Information: 0 : 2852, 1, 2024/04/01, 00:25:32.331, 12779894857409, vstest.console.dll, AssemblyResolver.OnResolve: Resolved assembly: Microsoft.Diagnostics.NETCore.Client, from path: C:\Program Files\dotnet\sdk\8.0.200\Extensions\Microsoft.Diagnostics.NETCore.Client.dll
TpTrace Verbose: 0 : 2852, 1, 2024/04/01, 00:25:32.341, 12779894957590, vstest.console.dll, MetadataReaderExtensionsHelper: Discovering extensions inside assembly 'Microsoft.Diagnostics.NETCore.Client, Version=0.2.9.2401, Culture=neutral, PublicKeyToken=31bf3856ad364e35' file path 'C:\Program Files\dotnet\sdk\8.0.200\Extensions\Microsoft.Diagnostics.NETCore.Client.dll'
TpTrace Information: 0 : 2852, 1, 2024/04/01, 00:25:32.351, 12779895056896, vstest.console.dll, AssemblyResolver.OnResolve: Microsoft.Bcl.AsyncInterfaces: Resolving assembly.
TpTrace Information: 0 : 2852, 1, 2024/04/01, 00:25:32.351, 12779895058269, vstest.console.dll, AssemblyResolver.OnResolve: Microsoft.Bcl.AsyncInterfaces: Searching in: 'C:\Program Files\dotnet\sdk\8.0.200\Extensions'.
TpTrace Information: 0 : 2852, 1, 2024/04/01, 00:25:32.351, 12779895060220, vstest.console.dll, AssemblyResolver.OnResolve: Microsoft.Bcl.AsyncInterfaces: Assembly path does not exist: 'C:\Program Files\dotnet\sdk\8.0.200\Extensions\Microsoft.Bcl.AsyncInterfaces.dll', returning.
TpTrace Information: 0 : 2852, 1, 2024/04/01, 00:25:32.351, 12779895061472, vstest.console.dll, AssemblyResolver.OnResolve: Microsoft.Bcl.AsyncInterfaces: Assembly path does not exist: 'C:\Program Files\dotnet\sdk\8.0.200\Extensions\Microsoft.Bcl.AsyncInterfaces.exe', returning.
TpTrace Information: 0 : 2852, 1, 2024/04/01, 00:25:32.351, 12779895062247, vstest.console.dll, AssemblyResolver.OnResolve: Microsoft.Bcl.AsyncInterfaces: Searching in: 'C:\Program Files\dotnet\sdk\8.0.200'.
TpTrace Information: 0 : 2852, 1, 2024/04/01, 00:25:32.351, 12779895063295, vstest.console.dll, AssemblyResolver.OnResolve: Microsoft.Bcl.AsyncInterfaces: Assembly path does not exist: 'C:\Program Files\dotnet\sdk\8.0.200\Microsoft.Bcl.AsyncInterfaces.dll', returning.
TpTrace Information: 0 : 2852, 1, 2024/04/01, 00:25:32.351, 12779895064659, vstest.console.dll, AssemblyResolver.OnResolve: Microsoft.Bcl.AsyncInterfaces: Assembly path does not exist: 'C:\Program Files\dotnet\sdk\8.0.200\Microsoft.Bcl.AsyncInterfaces.exe', returning.
TpTrace Information: 0 : 2852, 1, 2024/04/01, 00:25:32.352, 12779895065235, vstest.console.dll, AssemblyResolver.OnResolve: Microsoft.Bcl.AsyncInterfaces: Failed to load assembly.
TpTrace Verbose: 0 : 2852, 1, 2024/04/01, 00:25:32.352, 12779895065789, vstest.console.dll, CurrentDomainAssemblyResolve: Resolving assembly 'Microsoft.Bcl.AsyncInterfaces'.
TpTrace Information: 0 : 2852, 1, 2024/04/01, 00:25:32.352, 12779895066967, vstest.console.dll, AssemblyResolver.OnResolve: Microsoft.Bcl.AsyncInterfaces: Resolving assembly.
TpTrace Information: 0 : 2852, 1, 2024/04/01, 00:25:32.352, 12779895067622, vstest.console.dll, AssemblyResolver.OnResolve: Microsoft.Bcl.AsyncInterfaces: Resolved from cache.
TpTrace Verbose: 0 : 2852, 1, 2024/04/01, 00:25:32.352, 12779895068086, vstest.console.dll, CurrentDomainAssemblyResolve: Resolving assembly 'Microsoft.Bcl.AsyncInterfaces'.
TpTrace Verbose: 0 : 2852, 1, 2024/04/01, 00:25:32.352, 12779895068612, vstest.console.dll, CurrentDomainAssemblyResolve: Failed to resolve assembly 'Microsoft.Bcl.AsyncInterfaces'.
TpTrace Verbose: 0 : 2852, 1, 2024/04/01, 00:25:32.354, 12779895086302, vstest.console.dll, CurrentDomainAssemblyResolve: Failed to resolve assembly 'Microsoft.Bcl.AsyncInterfaces'.
TpTrace Warning: 0 : 2852, 1, 2024/04/01, 00:25:32.374, 12779895292460, vstest.console.dll, TestPluginDiscoverer: Failed to get types from assembly 'Microsoft.Diagnostics.NETCore.Client, Version=0.2.9.2401, Culture=neutral, PublicKeyToken=31bf3856ad364e35'. Error: System.Reflection.ReflectionTypeLoadException: Unable to load one or more of the requested types.
Could not load file or assembly 'Microsoft.Bcl.AsyncInterfaces, Version=6.0.0.0, Culture=neutral, PublicKeyToken=cc7b13ffcd2ddd51'. The system cannot find the file specified.
   at System.Reflection.RuntimeModule.GetTypes(RuntimeModule module)
   at System.Reflection.RuntimeModule.GetTypes()
   at Microsoft.VisualStudio.TestPlatform.Common.ExtensionFramework.TestPluginDiscoverer.GetTestExtensionsFromAssembly[TPluginInfo,TExtension](Assembly assembly, Dictionary`2 pluginInfos, String filePath) in /_/src/Microsoft.TestPlatform.Common/ExtensionFramework/TestPluginDiscoverer.cs:line 158
System.IO.FileNotFoundException: Could not load file or assembly 'Microsoft.Bcl.AsyncInterfaces, Version=6.0.0.0, Culture=neutral, PublicKeyToken=cc7b13ffcd2ddd51'. The system cannot find the file specified.
File name: 'Microsoft.Bcl.AsyncInterfaces, Version=6.0.0.0, Culture=neutral, PublicKeyToken=cc7b13ffcd2ddd51'
 ---> System.IO.FileNotFoundException: Could not load file or assembly 'Microsoft.Bcl.AsyncInterfaces, Culture=neutral, PublicKeyToken=null'. The system cannot find the file specified.
File name: 'Microsoft.Bcl.AsyncInterfaces, Culture=neutral, PublicKeyToken=null'
   at System.Reflection.RuntimeAssembly.InternalLoad(AssemblyName assemblyName, StackCrawlMark& stackMark, AssemblyLoadContext assemblyLoadContext, RuntimeAssembly requestingAssembly, Boolean throwOnFileNotFound)
   at System.Reflection.Assembly.Load(AssemblyName assemblyRef)
   at Microsoft.VisualStudio.TestPlatform.Common.ExtensionFramework.TestPluginCache.CurrentDomainAssemblyResolve(Object sender, AssemblyResolveEventArgs args) in /_/src/Microsoft.TestPlatform.Common/ExtensionFramework/TestPluginCache.cs:line 513
   at System.Runtime.Loader.AssemblyLoadContext.GetFirstResolvedAssemblyFromResolvingEvent(AssemblyName assemblyName)
   at System.Runtime.Loader.AssemblyLoadContext.ResolveUsingEvent(AssemblyName assemblyName)
   at System.Runtime.Loader.AssemblyLoadContext.ResolveUsingResolvingEvent(IntPtr gchManagedAssemblyLoadContext, AssemblyName assemblyName)
TpTrace Warning: 0 : 2852, 1, 2024/04/01, 00:25:32.375, 12779895300461, vstest.console.dll, LoaderExceptions: System.IO.FileNotFoundException: Could not load file or assembly 'Microsoft.Bcl.AsyncInterfaces, Version=6.0.0.0, Culture=neutral, PublicKeyToken=cc7b13ffcd2ddd51'. The system cannot find the file specified.
File name: 'Microsoft.Bcl.AsyncInterfaces, Version=6.0.0.0, Culture=neutral, PublicKeyToken=cc7b13ffcd2ddd51'
 ---> System.IO.FileNotFoundException: Could not load file or assembly 'Microsoft.Bcl.AsyncInterfaces, Culture=neutral, PublicKeyToken=null'. The system cannot find the file specified.
File name: 'Microsoft.Bcl.AsyncInterfaces, Culture=neutral, PublicKeyToken=null'
   at System.Reflection.RuntimeAssembly.InternalLoad(AssemblyName assemblyName, StackCrawlMark& stackMark, AssemblyLoadContext assemblyLoadContext, RuntimeAssembly requestingAssembly, Boolean throwOnFileNotFound)
   at System.Reflection.Assembly.Load(AssemblyName assemblyRef)
   at Microsoft.VisualStudio.TestPlatform.Common.ExtensionFramework.TestPluginCache.CurrentDomainAssemblyResolve(Object sender, AssemblyResolveEventArgs args) in /_/src/Microsoft.TestPlatform.Common/ExtensionFramework/TestPluginCache.cs:line 513
   at System.Runtime.Loader.AssemblyLoadContext.GetFirstResolvedAssemblyFromResolvingEvent(AssemblyName assemblyName)
   at System.Runtime.Loader.AssemblyLoadContext.ResolveUsingEvent(AssemblyName assemblyName)
   at System.Runtime.Loader.AssemblyLoadContext.ResolveUsingResolvingEvent(IntPtr gchManagedAssemblyLoadContext, AssemblyName assemblyName)
TpTrace Information: 0 : 2852, 1, 2024/04/01, 00:25:32.376, 12779895305700, vstest.console.dll, AssemblyResolver.OnResolve: Microsoft.TestPlatform.Extensions.BlameDataCollector: Resolving assembly.
TpTrace Information: 0 : 2852, 1, 2024/04/01, 00:25:32.376, 12779895306595, vstest.console.dll, AssemblyResolver.OnResolve: Microsoft.TestPlatform.Extensions.BlameDataCollector: Searching in: 'C:\Program Files\dotnet\sdk\8.0.200\Extensions'.
TpTrace Information: 0 : 2852, 1, 2024/04/01, 00:25:32.377, 12779895316477, vstest.console.dll, AssemblyResolver.OnResolve: Microsoft.TestPlatform.Extensions.BlameDataCollector: Loading assembly 'C:\Program Files\dotnet\sdk\8.0.200\Extensions\Microsoft.TestPlatform.Extensions.BlameDataCollector.dll'.
TpTrace Information: 0 : 2852, 1, 2024/04/01, 00:25:32.378, 12779895327400, vstest.console.dll, AssemblyResolver.OnResolve: Resolved assembly: Microsoft.TestPlatform.Extensions.BlameDataCollector, from path: C:\Program Files\dotnet\sdk\8.0.200\Extensions\Microsoft.TestPlatform.Extensions.BlameDataCollector.dll
TpTrace Verbose: 0 : 2852, 1, 2024/04/01, 00:25:32.378, 12779895328855, vstest.console.dll, MetadataReaderExtensionsHelper: Discovering extensions inside assembly 'Microsoft.TestPlatform.Extensions.BlameDataCollector, Version=15.0.0.0, Culture=neutral, PublicKeyToken=b03f5f7f11d50a3a' file path 'C:\Program Files\dotnet\sdk\8.0.200\Extensions\Microsoft.TestPlatform.Extensions.BlameDataCollector.dll'
TpTrace Information: 0 : 2852, 1, 2024/04/01, 00:25:32.381, 12779895357550, vstest.console.dll, AssemblyResolver.OnResolve: Microsoft.TestPlatform.Extensions.EventLogCollector: Resolving assembly.
TpTrace Information: 0 : 2852, 1, 2024/04/01, 00:25:32.381, 12779895359670, vstest.console.dll, AssemblyResolver.OnResolve: Microsoft.TestPlatform.Extensions.EventLogCollector: Searching in: 'C:\Program Files\dotnet\sdk\8.0.200\Extensions'.
TpTrace Information: 0 : 2852, 1, 2024/04/01, 00:25:32.382, 12779895368945, vstest.console.dll, AssemblyResolver.OnResolve: Microsoft.TestPlatform.Extensions.EventLogCollector: Loading assembly 'C:\Program Files\dotnet\sdk\8.0.200\Extensions\Microsoft.TestPlatform.Extensions.EventLogCollector.dll'.
TpTrace Information: 0 : 2852, 1, 2024/04/01, 00:25:32.383, 12779895379830, vstest.console.dll, AssemblyResolver.OnResolve: Resolved assembly: Microsoft.TestPlatform.Extensions.EventLogCollector, from path: C:\Program Files\dotnet\sdk\8.0.200\Extensions\Microsoft.TestPlatform.Extensions.EventLogCollector.dll
TpTrace Verbose: 0 : 2852, 1, 2024/04/01, 00:25:32.383, 12779895380944, vstest.console.dll, MetadataReaderExtensionsHelper: Discovering extensions inside assembly 'Microsoft.TestPlatform.Extensions.EventLogCollector, Version=15.0.0.0, Culture=neutral, PublicKeyToken=b03f5f7f11d50a3a' file path 'C:\Program Files\dotnet\sdk\8.0.200\Extensions\Microsoft.TestPlatform.Extensions.EventLogCollector.dll'
TpTrace Information: 0 : 2852, 1, 2024/04/01, 00:25:32.388, 12779895433203, vstest.console.dll, AssemblyResolver.OnResolve: Microsoft.TestPlatform.TestHostRuntimeProvider: Resolving assembly.
TpTrace Information: 0 : 2852, 1, 2024/04/01, 00:25:32.388, 12779895434697, vstest.console.dll, AssemblyResolver.OnResolve: Microsoft.TestPlatform.TestHostRuntimeProvider: Searching in: 'C:\Program Files\dotnet\sdk\8.0.200\Extensions'.
TpTrace Information: 0 : 2852, 1, 2024/04/01, 00:25:32.389, 12779895443944, vstest.console.dll, AssemblyResolver.OnResolve: Microsoft.TestPlatform.TestHostRuntimeProvider: Loading assembly 'C:\Program Files\dotnet\sdk\8.0.200\Extensions\Microsoft.TestPlatform.TestHostRuntimeProvider.dll'.
TpTrace Information: 0 : 2852, 1, 2024/04/01, 00:25:32.391, 12779895456344, vstest.console.dll, AssemblyResolver.OnResolve: Resolved assembly: Microsoft.TestPlatform.TestHostRuntimeProvider, from path: C:\Program Files\dotnet\sdk\8.0.200\Extensions\Microsoft.TestPlatform.TestHostRuntimeProvider.dll
TpTrace Verbose: 0 : 2852, 1, 2024/04/01, 00:25:32.391, 12779895457857, vstest.console.dll, MetadataReaderExtensionsHelper: Discovering extensions inside assembly 'Microsoft.TestPlatform.TestHostRuntimeProvider, Version=15.0.0.0, Culture=neutral, PublicKeyToken=b03f5f7f11d50a3a' file path 'C:\Program Files\dotnet\sdk\8.0.200\Extensions\Microsoft.TestPlatform.TestHostRuntimeProvider.dll'
TpTrace Information: 0 : 2852, 1, 2024/04/01, 00:25:32.394, 12779895492857, vstest.console.dll, GetTestExtensionFromType: Register extension with identifier data 'HostProvider://DefaultTestHost' and type 'Microsoft.VisualStudio.TestPlatform.CrossPlatEngine.Hosting.DefaultTestHostManager, Microsoft.TestPlatform.TestHostRuntimeProvider, Version=15.0.0.0, Culture=neutral, PublicKeyToken=b03f5f7f11d50a3a' inside file 'C:\Program Files\dotnet\sdk\8.0.200\Extensions\Microsoft.TestPlatform.TestHostRuntimeProvider.dll'
TpTrace Information: 0 : 2852, 1, 2024/04/01, 00:25:32.395, 12779895497202, vstest.console.dll, GetTestExtensionFromType: Register extension with identifier data 'HostProvider://DotnetTestHost' and type 'Microsoft.VisualStudio.TestPlatform.CrossPlatEngine.Hosting.DotnetTestHostManager, Microsoft.TestPlatform.TestHostRuntimeProvider, Version=15.0.0.0, Culture=neutral, PublicKeyToken=b03f5f7f11d50a3a' inside file 'C:\Program Files\dotnet\sdk\8.0.200\Extensions\Microsoft.TestPlatform.TestHostRuntimeProvider.dll'
TpTrace Information: 0 : 2852, 1, 2024/04/01, 00:25:32.395, 12779895500475, vstest.console.dll, AssemblyResolver.OnResolve: Microsoft.VisualStudio.TestPlatform.Extensions.Html.TestLogger: Resolving assembly.
TpTrace Information: 0 : 2852, 1, 2024/04/01, 00:25:32.395, 12779895501356, vstest.console.dll, AssemblyResolver.OnResolve: Microsoft.VisualStudio.TestPlatform.Extensions.Html.TestLogger: Searching in: 'C:\Program Files\dotnet\sdk\8.0.200\Extensions'.
TpTrace Information: 0 : 2852, 1, 2024/04/01, 00:25:32.396, 12779895512024, vstest.console.dll, AssemblyResolver.OnResolve: Microsoft.VisualStudio.TestPlatform.Extensions.Html.TestLogger: Loading assembly 'C:\Program Files\dotnet\sdk\8.0.200\Extensions\Microsoft.VisualStudio.TestPlatform.Extensions.Html.TestLogger.dll'.
TpTrace Information: 0 : 2852, 1, 2024/04/01, 00:25:32.397, 12779895525052, vstest.console.dll, AssemblyResolver.OnResolve: Resolved assembly: Microsoft.VisualStudio.TestPlatform.Extensions.Html.TestLogger, from path: C:\Program Files\dotnet\sdk\8.0.200\Extensions\Microsoft.VisualStudio.TestPlatform.Extensions.Html.TestLogger.dll
TpTrace Verbose: 0 : 2852, 1, 2024/04/01, 00:25:32.398, 12779895526945, vstest.console.dll, MetadataReaderExtensionsHelper: Discovering extensions inside assembly 'Microsoft.VisualStudio.TestPlatform.Extensions.Html.TestLogger, Version=15.0.0.0, Culture=neutral, PublicKeyToken=b03f5f7f11d50a3a' file path 'C:\Program Files\dotnet\sdk\8.0.200\Extensions\Microsoft.VisualStudio.TestPlatform.Extensions.Html.TestLogger.dll'
TpTrace Information: 0 : 2852, 1, 2024/04/01, 00:25:32.400, 12779895548286, vstest.console.dll, AssemblyResolver.OnResolve: Microsoft.VisualStudio.TestPlatform.Extensions.Trx.TestLogger: Resolving assembly.
TpTrace Information: 0 : 2852, 1, 2024/04/01, 00:25:32.400, 12779895549743, vstest.console.dll, AssemblyResolver.OnResolve: Microsoft.VisualStudio.TestPlatform.Extensions.Trx.TestLogger: Searching in: 'C:\Program Files\dotnet\sdk\8.0.200\Extensions'.
TpTrace Information: 0 : 2852, 1, 2024/04/01, 00:25:32.401, 12779895562906, vstest.console.dll, AssemblyResolver.OnResolve: Microsoft.VisualStudio.TestPlatform.Extensions.Trx.TestLogger: Loading assembly 'C:\Program Files\dotnet\sdk\8.0.200\Extensions\Microsoft.VisualStudio.TestPlatform.Extensions.Trx.TestLogger.dll'.
TpTrace Information: 0 : 2852, 1, 2024/04/01, 00:25:32.403, 12779895579530, vstest.console.dll, AssemblyResolver.OnResolve: Resolved assembly: Microsoft.VisualStudio.TestPlatform.Extensions.Trx.TestLogger, from path: C:\Program Files\dotnet\sdk\8.0.200\Extensions\Microsoft.VisualStudio.TestPlatform.Extensions.Trx.TestLogger.dll
TpTrace Verbose: 0 : 2852, 1, 2024/04/01, 00:25:32.403, 12779895581592, vstest.console.dll, MetadataReaderExtensionsHelper: Discovering extensions inside assembly 'Microsoft.VisualStudio.TestPlatform.Extensions.Trx.TestLogger, Version=15.0.0.0, Culture=neutral, PublicKeyToken=b03f5f7f11d50a3a' file path 'C:\Program Files\dotnet\sdk\8.0.200\Extensions\Microsoft.VisualStudio.TestPlatform.Extensions.Trx.TestLogger.dll'
TpTrace Verbose: 0 : 2852, 1, 2024/04/01, 00:25:32.406, 12779895607160, vstest.console.dll, TestPluginCache: Discovered the extensions using extension path ''.
TpTrace Verbose: 0 : 2852, 1, 2024/04/01, 00:25:32.406, 12779895608450, vstest.console.dll, TestPluginCache: Discoverers are ''.
TpTrace Verbose: 0 : 2852, 1, 2024/04/01, 00:25:32.406, 12779895609394, vstest.console.dll, TestPluginCache: Executors are ''.
TpTrace Verbose: 0 : 2852, 1, 2024/04/01, 00:25:32.406, 12779895610003, vstest.console.dll, TestPluginCache: Executors2 are ''.
TpTrace Verbose: 0 : 2852, 1, 2024/04/01, 00:25:32.406, 12779895610865, vstest.console.dll, TestPluginCache: Setting providers are ''.
TpTrace Verbose: 0 : 2852, 1, 2024/04/01, 00:25:32.406, 12779895611689, vstest.console.dll, TestPluginCache: Loggers are ''.
TpTrace Verbose: 0 : 2852, 1, 2024/04/01, 00:25:32.407, 12779895615729, vstest.console.dll, TestPluginCache: TestHosts are 'HostProvider://DefaultTestHost,HostProvider://DotnetTestHost'.
TpTrace Verbose: 0 : 2852, 1, 2024/04/01, 00:25:32.407, 12779895616619, vstest.console.dll, TestPluginCache: DataCollectors are ''.
TpTrace Information: 0 : 2852, 1, 2024/04/01, 00:25:32.431, 12779895858474, vstest.console.dll, RunTestsArgumentProcessor:Execute: Test run is starting.
TpTrace Verbose: 0 : 2852, 1, 2024/04/01, 00:25:32.431, 12779895859621, vstest.console.dll, RunTestsArgumentProcessor:Execute: Queuing Test run.
TpTrace Information: 0 : 2852, 1, 2024/04/01, 00:25:32.431, 12779895862810, vstest.console.dll, TestRequestManager.RunTests: run tests started.
TpTrace Information: 0 : 2852, 1, 2024/04/01, 00:25:32.433, 12779895882382, vstest.console.dll, AssemblyMetadataProvider.GetFrameworkName: Determined framework:'.NETCoreApp,Version=v6.0' for source: 'C:\Users\User\Desktop\Softuni QAF\Back End - MARCH\14.Exercise (CI) - part 2\12-Continuous-Integration-II-Resources\02-House-Renting-System-App\HouseRentingSystem.Tests\bin\Debug\net6.0\fine-code-coverage\build-output\HouseRentingSystem.Tests.dll'
TpTrace Information: 0 : 2852, 1, 2024/04/01, 00:25:32.433, 12779895884979, vstest.console.dll, Determined framework for all sources: .NETCoreApp,Version=v6.0
TpTrace Verbose: 0 : 2852, 1, 2024/04/01, 00:25:32.434, 12779895889327, vstest.console.dll, TestRequestManager.UpdateRunSettingsIfRequired: Default architecture: X64 IsDefaultTargetArchitecture: True, Current process architecture: X64 OperatingSystem: Windows.
TpTrace Information: 0 : 2852, 1, 2024/04/01, 00:25:32.437, 12779895916002, vstest.console.dll, AssemblyMetadataProvider.GetArchitecture: Determined architecture:AnyCPU info for assembly: C:\Users\User\Desktop\Softuni QAF\Back End - MARCH\14.Exercise (CI) - part 2\12-Continuous-Integration-II-Resources\02-House-Renting-System-App\HouseRentingSystem.Tests\bin\Debug\net6.0\fine-code-coverage\build-output\HouseRentingSystem.Tests.dll
TpTrace Information: 0 : 2852, 1, 2024/04/01, 00:25:32.437, 12779895916817, vstest.console.dll, Determined platform for source 'C:\Users\User\Desktop\Softuni QAF\Back End - MARCH\14.Exercise (CI) - part 2\12-Continuous-Integration-II-Resources\02-House-Renting-System-App\HouseRentingSystem.Tests\bin\Debug\net6.0\fine-code-coverage\build-output\HouseRentingSystem.Tests.dll' was AnyCPU and it will use the default plaform X64.
TpTrace Information: 0 : 2852, 1, 2024/04/01, 00:25:32.437, 12779895917302, vstest.console.dll, None of the sources provided any runnable platform, using the default platform: X64
TpTrace Information: 0 : 2852, 1, 2024/04/01, 00:25:32.437, 12779895918562, vstest.console.dll, Platform was updated to 'X64'.
TpTrace Information: 0 : 2852, 1, 2024/04/01, 00:25:32.443, 12779895978311, vstest.console.dll, InferRunSettingsHelper.IsTestSettingsEnabled: Unable to navigate to RunSettings/MSTest. Current node: RunSettings
TpTrace Information: 0 : 2852, 1, 2024/04/01, 00:25:32.444, 12779895988426, vstest.console.dll, AssemblyResolver.OnResolve: Microsoft.VisualStudio.TestPlatform.Fakes: Resolving assembly.
TpTrace Information: 0 : 2852, 1, 2024/04/01, 00:25:32.444, 12779895989444, vstest.console.dll, AssemblyResolver.OnResolve: Microsoft.VisualStudio.TestPlatform.Fakes: Searching in: 'C:\Program Files\dotnet\sdk\8.0.200\Extensions'.
TpTrace Information: 0 : 2852, 1, 2024/04/01, 00:25:32.444, 12779895990782, vstest.console.dll, AssemblyResolver.OnResolve: Microsoft.VisualStudio.TestPlatform.Fakes: Assembly path does not exist: 'C:\Program Files\dotnet\sdk\8.0.200\Extensions\Microsoft.VisualStudio.TestPlatform.Fakes.dll', returning.
TpTrace Information: 0 : 2852, 1, 2024/04/01, 00:25:32.444, 12779895992103, vstest.console.dll, AssemblyResolver.OnResolve: Microsoft.VisualStudio.TestPlatform.Fakes: Assembly path does not exist: 'C:\Program Files\dotnet\sdk\8.0.200\Extensions\Microsoft.VisualStudio.TestPlatform.Fakes.exe', returning.
TpTrace Information: 0 : 2852, 1, 2024/04/01, 00:25:32.444, 12779895992696, vstest.console.dll, AssemblyResolver.OnResolve: Microsoft.VisualStudio.TestPlatform.Fakes: Searching in: 'C:\Program Files\dotnet\sdk\8.0.200'.
TpTrace Information: 0 : 2852, 1, 2024/04/01, 00:25:32.444, 12779895993729, vstest.console.dll, AssemblyResolver.OnResolve: Microsoft.VisualStudio.TestPlatform.Fakes: Assembly path does not exist: 'C:\Program Files\dotnet\sdk\8.0.200\Microsoft.VisualStudio.TestPlatform.Fakes.dll', returning.
TpTrace Information: 0 : 2852, 1, 2024/04/01, 00:25:32.444, 12779895994855, vstest.console.dll, AssemblyResolver.OnResolve: Microsoft.VisualStudio.TestPlatform.Fakes: Assembly path does not exist: 'C:\Program Files\dotnet\sdk\8.0.200\Microsoft.VisualStudio.TestPlatform.Fakes.exe', returning.
TpTrace Information: 0 : 2852, 1, 2024/04/01, 00:25:32.445, 12779895997440, vstest.console.dll, AssemblyResolver.OnResolve: Microsoft.VisualStudio.TestPlatform.Fakes: Failed to load assembly.
TpTrace Information: 0 : 2852, 1, 2024/04/01, 00:25:32.445, 12779896001232, vstest.console.dll, Failed to load assembly Microsoft.VisualStudio.TestPlatform.Fakes, Version=17.0.0.0, Culture=neutral. Reason:System.IO.FileNotFoundException: Could not load file or assembly 'Microsoft.VisualStudio.TestPlatform.Fakes, Version=17.0.0.0, Culture=neutral, PublicKeyToken=null'. The system cannot find the file specified.
File name: 'Microsoft.VisualStudio.TestPlatform.Fakes, Version=17.0.0.0, Culture=neutral, PublicKeyToken=null'
   at System.Reflection.RuntimeAssembly.InternalLoad(AssemblyName assemblyName, StackCrawlMark& stackMark, AssemblyLoadContext assemblyLoadContext, RuntimeAssembly requestingAssembly, Boolean throwOnFileNotFound)
   at System.Reflection.Assembly.Load(AssemblyName assemblyRef)
   at Microsoft.VisualStudio.TestPlatform.Common.Utilities.FakesUtilities.LoadTestPlatformAssembly() in /_/src/Microsoft.TestPlatform.Common/Utilities/FakesUtilities.cs:line 272
TpTrace Verbose: 0 : 2852, 1, 2024/04/01, 00:25:32.451, 12779896059738, vstest.console.dll, TestPluginCache.DiscoverTestExtensions: finding test extensions in assemblies ends with: TestLogger.dll TPluginInfo: Microsoft.VisualStudio.TestPlatform.Common.ExtensionFramework.Utilities.TestLoggerPluginInformation TExtension: Microsoft.VisualStudio.TestPlatform.ObjectModel.Client.ITestLogger
TpTrace Verbose: 0 : 2852, 1, 2024/04/01, 00:25:32.451, 12779896061460, vstest.console.dll, TestPluginCache.GetExtensionPaths: Filtered extension paths: 
TpTrace Verbose: 0 : 2852, 1, 2024/04/01, 00:25:32.451, 12779896062052, vstest.console.dll, TestPluginCache.GetExtensionPaths: Added default extension paths: C:\Program Files\dotnet\sdk\8.0.200\Extensions\Microsoft.Diagnostics.NETCore.Client.dll
C:\Program Files\dotnet\sdk\8.0.200\Extensions\Microsoft.TestPlatform.Extensions.BlameDataCollector.dll
C:\Program Files\dotnet\sdk\8.0.200\Extensions\Microsoft.TestPlatform.Extensions.EventLogCollector.dll
C:\Program Files\dotnet\sdk\8.0.200\Extensions\Microsoft.TestPlatform.TestHostRuntimeProvider.dll
C:\Program Files\dotnet\sdk\8.0.200\Extensions\Microsoft.VisualStudio.TestPlatform.Extensions.Html.TestLogger.dll
C:\Program Files\dotnet\sdk\8.0.200\Extensions\Microsoft.VisualStudio.TestPlatform.Extensions.Trx.TestLogger.dll
TpTrace Verbose: 0 : 2852, 1, 2024/04/01, 00:25:32.451, 12779896062650, vstest.console.dll, TestPluginCache.GetExtensionPaths: Added unfilterableExtensionPaths: 
TpTrace Information: 0 : 2852, 1, 2024/04/01, 00:25:32.451, 12779896064508, vstest.console.dll, AssemblyResolver.AddSearchDirectories: Adding more searchDirectories C:\Program Files\dotnet\sdk\8.0.200\Extensions,C:\Program Files\dotnet\sdk\8.0.200
TpTrace Verbose: 0 : 2852, 1, 2024/04/01, 00:25:32.452, 12779896065265, vstest.console.dll, TestPluginCache.DiscoverTestExtensions: Discovering the extensions using extension path.
TpTrace Verbose: 0 : 2852, 1, 2024/04/01, 00:25:32.452, 12779896065885, vstest.console.dll, TestPluginCache.GetExtensionPaths: Filtered extension paths: 
TpTrace Verbose: 0 : 2852, 1, 2024/04/01, 00:25:32.452, 12779896066485, vstest.console.dll, TestPluginCache.GetExtensionPaths: Added default extension paths: C:\Program Files\dotnet\sdk\8.0.200\Extensions\Microsoft.Diagnostics.NETCore.Client.dll
C:\Program Files\dotnet\sdk\8.0.200\Extensions\Microsoft.TestPlatform.Extensions.BlameDataCollector.dll
C:\Program Files\dotnet\sdk\8.0.200\Extensions\Microsoft.TestPlatform.Extensions.EventLogCollector.dll
C:\Program Files\dotnet\sdk\8.0.200\Extensions\Microsoft.TestPlatform.TestHostRuntimeProvider.dll
C:\Program Files\dotnet\sdk\8.0.200\Extensions\Microsoft.VisualStudio.TestPlatform.Extensions.Html.TestLogger.dll
C:\Program Files\dotnet\sdk\8.0.200\Extensions\Microsoft.VisualStudio.TestPlatform.Extensions.Trx.TestLogger.dll
TpTrace Verbose: 0 : 2852, 1, 2024/04/01, 00:25:32.452, 12779896067746, vstest.console.dll, TestPluginCache.GetExtensionPaths: Added unfilterableExtensionPaths: 
TpTrace Verbose: 0 : 2852, 1, 2024/04/01, 00:25:32.452, 12779896068484, vstest.console.dll, TestPluginCache.DiscoverTestExtensions: Discovering the extensions using allExtensionPaths: C:\Program Files\dotnet\sdk\8.0.200\Extensions\Microsoft.Diagnostics.NETCore.Client.dll
C:\Program Files\dotnet\sdk\8.0.200\Extensions\Microsoft.TestPlatform.Extensions.BlameDataCollector.dll
C:\Program Files\dotnet\sdk\8.0.200\Extensions\Microsoft.TestPlatform.Extensions.EventLogCollector.dll
C:\Program Files\dotnet\sdk\8.0.200\Extensions\Microsoft.TestPlatform.TestHostRuntimeProvider.dll
C:\Program Files\dotnet\sdk\8.0.200\Extensions\Microsoft.VisualStudio.TestPlatform.Extensions.Html.TestLogger.dll
C:\Program Files\dotnet\sdk\8.0.200\Extensions\Microsoft.VisualStudio.TestPlatform.Extensions.Trx.TestLogger.dll
TpTrace Information: 0 : 2852, 1, 2024/04/01, 00:25:32.452, 12779896069202, vstest.console.dll, AssemblyResolver.AddSearchDirectories: Adding more searchDirectories C:\Program Files\dotnet\sdk\8.0.200\Extensions,C:\Program Files\dotnet\sdk\8.0.200
TpTrace Information: 0 : 2852, 1, 2024/04/01, 00:25:32.452, 12779896069825, vstest.console.dll, AssemblyResolver.AddSearchDirectories: Adding more searchDirectories C:\Program Files\dotnet\sdk\8.0.200\Extensions,C:\Program Files\dotnet\sdk\8.0.200
TpTrace Information: 0 : 2852, 1, 2024/04/01, 00:25:32.452, 12779896070319, vstest.console.dll, AssemblyResolver.AddSearchDirectories: Adding more searchDirectories C:\Program Files\dotnet\sdk\8.0.200\Extensions,C:\Program Files\dotnet\sdk\8.0.200
TpTrace Information: 0 : 2852, 1, 2024/04/01, 00:25:32.452, 12779896070798, vstest.console.dll, AssemblyResolver.AddSearchDirectories: Adding more searchDirectories C:\Program Files\dotnet\sdk\8.0.200\Extensions,C:\Program Files\dotnet\sdk\8.0.200
TpTrace Information: 0 : 2852, 1, 2024/04/01, 00:25:32.452, 12779896071433, vstest.console.dll, AssemblyResolver.AddSearchDirectories: Adding more searchDirectories C:\Program Files\dotnet\sdk\8.0.200\Extensions,C:\Program Files\dotnet\sdk\8.0.200
TpTrace Information: 0 : 2852, 1, 2024/04/01, 00:25:32.452, 12779896071934, vstest.console.dll, AssemblyResolver.AddSearchDirectories: Adding more searchDirectories C:\Program Files\dotnet\sdk\8.0.200\Extensions,C:\Program Files\dotnet\sdk\8.0.200
TpTrace Verbose: 0 : 2852, 1, 2024/04/01, 00:25:32.452, 12779896073375, vstest.console.dll, MetadataReaderExtensionsHelper: Discovering extensions inside assembly 'Microsoft.Diagnostics.NETCore.Client, Version=0.2.9.2401, Culture=neutral, PublicKeyToken=31bf3856ad364e35' file path 'C:\Program Files\dotnet\sdk\8.0.200\Extensions\Microsoft.Diagnostics.NETCore.Client.dll'
TpTrace Information: 0 : 2852, 1, 2024/04/01, 00:25:32.455, 12779896095882, vstest.console.dll, AssemblyResolver.OnResolve: Microsoft.Bcl.AsyncInterfaces: Resolving assembly.
TpTrace Information: 0 : 2852, 1, 2024/04/01, 00:25:32.455, 12779896096809, vstest.console.dll, AssemblyResolver.OnResolve: Microsoft.Bcl.AsyncInterfaces: Resolved from cache.
TpTrace Verbose: 0 : 2852, 1, 2024/04/01, 00:25:32.455, 12779896097425, vstest.console.dll, CurrentDomainAssemblyResolve: Resolving assembly 'Microsoft.Bcl.AsyncInterfaces'.
TpTrace Information: 0 : 2852, 1, 2024/04/01, 00:25:32.455, 12779896098320, vstest.console.dll, AssemblyResolver.OnResolve: Microsoft.Bcl.AsyncInterfaces: Resolving assembly.
TpTrace Information: 0 : 2852, 1, 2024/04/01, 00:25:32.455, 12779896102262, vstest.console.dll, AssemblyResolver.OnResolve: Microsoft.Bcl.AsyncInterfaces: Resolved from cache.
TpTrace Verbose: 0 : 2852, 1, 2024/04/01, 00:25:32.455, 12779896102942, vstest.console.dll, CurrentDomainAssemblyResolve: Resolving assembly 'Microsoft.Bcl.AsyncInterfaces'.
TpTrace Verbose: 0 : 2852, 1, 2024/04/01, 00:25:32.455, 12779896103544, vstest.console.dll, CurrentDomainAssemblyResolve: Failed to resolve assembly 'Microsoft.Bcl.AsyncInterfaces'.
TpTrace Verbose: 0 : 2852, 1, 2024/04/01, 00:25:32.456, 12779896106364, vstest.console.dll, CurrentDomainAssemblyResolve: Failed to resolve assembly 'Microsoft.Bcl.AsyncInterfaces'.
TpTrace Warning: 0 : 2852, 1, 2024/04/01, 00:25:32.456, 12779896111501, vstest.console.dll, TestPluginDiscoverer: Failed to get types from assembly 'Microsoft.Diagnostics.NETCore.Client, Version=0.2.9.2401, Culture=neutral, PublicKeyToken=31bf3856ad364e35'. Error: System.Reflection.ReflectionTypeLoadException: Unable to load one or more of the requested types.
Could not load file or assembly 'Microsoft.Bcl.AsyncInterfaces, Version=6.0.0.0, Culture=neutral, PublicKeyToken=cc7b13ffcd2ddd51'. The system cannot find the file specified.
   at System.Reflection.RuntimeModule.GetTypes(RuntimeModule module)
   at System.Reflection.RuntimeModule.GetTypes()
   at Microsoft.VisualStudio.TestPlatform.Common.ExtensionFramework.TestPluginDiscoverer.GetTestExtensionsFromAssembly[TPluginInfo,TExtension](Assembly assembly, Dictionary`2 pluginInfos, String filePath) in /_/src/Microsoft.TestPlatform.Common/ExtensionFramework/TestPluginDiscoverer.cs:line 158
System.IO.FileNotFoundException: Could not load file or assembly 'Microsoft.Bcl.AsyncInterfaces, Version=6.0.0.0, Culture=neutral, PublicKeyToken=cc7b13ffcd2ddd51'. The system cannot find the file specified.
File name: 'Microsoft.Bcl.AsyncInterfaces, Version=6.0.0.0, Culture=neutral, PublicKeyToken=cc7b13ffcd2ddd51'
 ---> System.IO.FileNotFoundException: Could not load file or assembly 'Microsoft.Bcl.AsyncInterfaces, Culture=neutral, PublicKeyToken=null'. The system cannot find the file specified.
File name: 'Microsoft.Bcl.AsyncInterfaces, Culture=neutral, PublicKeyToken=null'
   at System.Reflection.RuntimeAssembly.InternalLoad(AssemblyName assemblyName, StackCrawlMark& stackMark, AssemblyLoadContext assemblyLoadContext, RuntimeAssembly requestingAssembly, Boolean throwOnFileNotFound)
   at System.Reflection.Assembly.Load(AssemblyName assemblyRef)
   at Microsoft.VisualStudio.TestPlatform.Common.ExtensionFramework.TestPluginCache.CurrentDomainAssemblyResolve(Object sender, AssemblyResolveEventArgs args) in /_/src/Microsoft.TestPlatform.Common/ExtensionFramework/TestPluginCache.cs:line 513
   at System.Runtime.Loader.AssemblyLoadContext.GetFirstResolvedAssemblyFromResolvingEvent(AssemblyName assemblyName)
   at System.Runtime.Loader.AssemblyLoadContext.ResolveUsingEvent(AssemblyName assemblyName)
   at System.Runtime.Loader.AssemblyLoadContext.ResolveUsingResolvingEvent(IntPtr gchManagedAssemblyLoadContext, AssemblyName assemblyName)
TpTrace Warning: 0 : 2852, 1, 2024/04/01, 00:25:32.457, 12779896119010, vstest.console.dll, LoaderExceptions: System.IO.FileNotFoundException: Could not load file or assembly 'Microsoft.Bcl.AsyncInterfaces, Version=6.0.0.0, Culture=neutral, PublicKeyToken=cc7b13ffcd2ddd51'. The system cannot find the file specified.
File name: 'Microsoft.Bcl.AsyncInterfaces, Version=6.0.0.0, Culture=neutral, PublicKeyToken=cc7b13ffcd2ddd51'
 ---> System.IO.FileNotFoundException: Could not load file or assembly 'Microsoft.Bcl.AsyncInterfaces, Culture=neutral, PublicKeyToken=null'. The system cannot find the file specified.
File name: 'Microsoft.Bcl.AsyncInterfaces, Culture=neutral, PublicKeyToken=null'
   at System.Reflection.RuntimeAssembly.InternalLoad(AssemblyName assemblyName, StackCrawlMark& stackMark, AssemblyLoadContext assemblyLoadContext, RuntimeAssembly requestingAssembly, Boolean throwOnFileNotFound)
   at System.Reflection.Assembly.Load(AssemblyName assemblyRef)
   at Microsoft.VisualStudio.TestPlatform.Common.ExtensionFramework.TestPluginCache.CurrentDomainAssemblyResolve(Object sender, AssemblyResolveEventArgs args) in /_/src/Microsoft.TestPlatform.Common/ExtensionFramework/TestPluginCache.cs:line 513
   at System.Runtime.Loader.AssemblyLoadContext.GetFirstResolvedAssemblyFromResolvingEvent(AssemblyName assemblyName)
   at System.Runtime.Loader.AssemblyLoadContext.ResolveUsingEvent(AssemblyName assemblyName)
   at System.Runtime.Loader.AssemblyLoadContext.ResolveUsingResolvingEvent(IntPtr gchManagedAssemblyLoadContext, AssemblyName assemblyName)
TpTrace Verbose: 0 : 2852, 1, 2024/04/01, 00:25:32.457, 12779896122260, vstest.console.dll, MetadataReaderExtensionsHelper: Discovering extensions inside assembly 'Microsoft.TestPlatform.Extensions.BlameDataCollector, Version=15.0.0.0, Culture=neutral, PublicKeyToken=b03f5f7f11d50a3a' file path 'C:\Program Files\dotnet\sdk\8.0.200\Extensions\Microsoft.TestPlatform.Extensions.BlameDataCollector.dll'
TpTrace Information: 0 : 2852, 1, 2024/04/01, 00:25:32.458, 12779896132782, vstest.console.dll, GetTestExtensionFromType: Register extension with identifier data 'logger://Microsoft/TestPlatform/Extensions/Blame/v1' and type 'Microsoft.TestPlatform.Extensions.BlameDataCollector.BlameLogger, Microsoft.TestPlatform.Extensions.BlameDataCollector, Version=15.0.0.0, Culture=neutral, PublicKeyToken=b03f5f7f11d50a3a' inside file 'C:\Program Files\dotnet\sdk\8.0.200\Extensions\Microsoft.TestPlatform.Extensions.BlameDataCollector.dll'
TpTrace Verbose: 0 : 2852, 1, 2024/04/01, 00:25:32.458, 12779896133896, vstest.console.dll, MetadataReaderExtensionsHelper: Discovering extensions inside assembly 'Microsoft.TestPlatform.Extensions.EventLogCollector, Version=15.0.0.0, Culture=neutral, PublicKeyToken=b03f5f7f11d50a3a' file path 'C:\Program Files\dotnet\sdk\8.0.200\Extensions\Microsoft.TestPlatform.Extensions.EventLogCollector.dll'
TpTrace Verbose: 0 : 2852, 1, 2024/04/01, 00:25:32.459, 12779896141950, vstest.console.dll, MetadataReaderExtensionsHelper: Discovering extensions inside assembly 'Microsoft.TestPlatform.TestHostRuntimeProvider, Version=15.0.0.0, Culture=neutral, PublicKeyToken=b03f5f7f11d50a3a' file path 'C:\Program Files\dotnet\sdk\8.0.200\Extensions\Microsoft.TestPlatform.TestHostRuntimeProvider.dll'
TpTrace Verbose: 0 : 2852, 1, 2024/04/01, 00:25:32.460, 12779896149344, vstest.console.dll, MetadataReaderExtensionsHelper: Discovering extensions inside assembly 'Microsoft.VisualStudio.TestPlatform.Extensions.Html.TestLogger, Version=15.0.0.0, Culture=neutral, PublicKeyToken=b03f5f7f11d50a3a' file path 'C:\Program Files\dotnet\sdk\8.0.200\Extensions\Microsoft.VisualStudio.TestPlatform.Extensions.Html.TestLogger.dll'
TpTrace Information: 0 : 2852, 1, 2024/04/01, 00:25:32.461, 12779896160035, vstest.console.dll, GetTestExtensionFromType: Register extension with identifier data 'logger://Microsoft/TestPlatform/HtmlLogger/v1' and type 'Microsoft.VisualStudio.TestPlatform.Extensions.HtmlLogger.HtmlLogger, Microsoft.VisualStudio.TestPlatform.Extensions.Html.TestLogger, Version=15.0.0.0, Culture=neutral, PublicKeyToken=b03f5f7f11d50a3a' inside file 'C:\Program Files\dotnet\sdk\8.0.200\Extensions\Microsoft.VisualStudio.TestPlatform.Extensions.Html.TestLogger.dll'
TpTrace Verbose: 0 : 2852, 1, 2024/04/01, 00:25:32.461, 12779896161116, vstest.console.dll, MetadataReaderExtensionsHelper: Discovering extensions inside assembly 'Microsoft.VisualStudio.TestPlatform.Extensions.Trx.TestLogger, Version=15.0.0.0, Culture=neutral, PublicKeyToken=b03f5f7f11d50a3a' file path 'C:\Program Files\dotnet\sdk\8.0.200\Extensions\Microsoft.VisualStudio.TestPlatform.Extensions.Trx.TestLogger.dll'
TpTrace Information: 0 : 2852, 1, 2024/04/01, 00:25:32.462, 12779896170565, vstest.console.dll, GetTestExtensionFromType: Register extension with identifier data 'logger://Microsoft/TestPlatform/TrxLogger/v1' and type 'Microsoft.VisualStudio.TestPlatform.Extensions.TrxLogger.TrxLogger, Microsoft.VisualStudio.TestPlatform.Extensions.Trx.TestLogger, Version=15.0.0.0, Culture=neutral, PublicKeyToken=b03f5f7f11d50a3a' inside file 'C:\Program Files\dotnet\sdk\8.0.200\Extensions\Microsoft.VisualStudio.TestPlatform.Extensions.Trx.TestLogger.dll'
TpTrace Verbose: 0 : 2852, 1, 2024/04/01, 00:25:32.462, 12779896171629, vstest.console.dll, TestPluginCache: Discovered the extensions using extension path ''.
TpTrace Verbose: 0 : 2852, 1, 2024/04/01, 00:25:32.462, 12779896172128, vstest.console.dll, TestPluginCache: Discoverers are ''.
TpTrace Verbose: 0 : 2852, 1, 2024/04/01, 00:25:32.462, 12779896172599, vstest.console.dll, TestPluginCache: Executors are ''.
TpTrace Verbose: 0 : 2852, 1, 2024/04/01, 00:25:32.462, 12779896173035, vstest.console.dll, TestPluginCache: Executors2 are ''.
TpTrace Verbose: 0 : 2852, 1, 2024/04/01, 00:25:32.462, 12779896173437, vstest.console.dll, TestPluginCache: Setting providers are ''.
TpTrace Verbose: 0 : 2852, 1, 2024/04/01, 00:25:32.462, 12779896175068, vstest.console.dll, TestPluginCache: Loggers are 'logger://Microsoft/TestPlatform/Extensions/Blame/v1,logger://Microsoft/TestPlatform/HtmlLogger/v1,logger://Microsoft/TestPlatform/TrxLogger/v1'.
TpTrace Verbose: 0 : 2852, 1, 2024/04/01, 00:25:32.463, 12779896175940, vstest.console.dll, TestPluginCache: TestHosts are 'HostProvider://DefaultTestHost,HostProvider://DotnetTestHost'.
TpTrace Verbose: 0 : 2852, 1, 2024/04/01, 00:25:32.463, 12779896176481, vstest.console.dll, TestPluginCache: DataCollectors are ''.
TpTrace Information: 0 : 2852, 1, 2024/04/01, 00:25:32.464, 12779896190832, vstest.console.dll, TestPluginManager.CreateTestExtension: Attempting to load test extension: Microsoft.TestPlatform.Extensions.BlameDataCollector.BlameLogger
TpTrace Verbose: 0 : 2852, 1, 2024/04/01, 00:25:32.478, 12779896327106, vstest.console.dll, TestEngine: Initializing Parallel Execution as MaxCpuCount is set to: 1
TpTrace Information: 0 : 2852, 1, 2024/04/01, 00:25:32.480, 12779896352717, vstest.console.dll, TestPluginManager.CreateTestExtension: Attempting to load test extension: Microsoft.VisualStudio.TestPlatform.CrossPlatEngine.Hosting.DefaultTestHostManager
TpTrace Information: 0 : 2852, 1, 2024/04/01, 00:25:32.483, 12779896375234, vstest.console.dll, TestPluginManager.CreateTestExtension: Attempting to load test extension: Microsoft.VisualStudio.TestPlatform.CrossPlatEngine.Hosting.DotnetTestHostManager
TpTrace Information: 0 : 2852, 1, 2024/04/01, 00:25:32.483, 12779896384945, vstest.console.dll, InferRunSettingsHelper.IsTestSettingsEnabled: Unable to navigate to RunSettings/MSTest. Current node: RunSettings
TpTrace Verbose: 0 : 2852, 1, 2024/04/01, 00:25:32.484, 12779896393800, vstest.console.dll, ParallelOperationManager.ClearSlots: Clearing all slots. Slots should accept more work: True
TpTrace Verbose: 0 : 2852, 1, 2024/04/01, 00:25:32.485, 12779896402686, vstest.console.dll, ParallelOperationManager.SetOccupiedSlotCount: Setting slot counts AvailableSlotCount = 3, OccupiedSlotCount = 0.
TpTrace Verbose: 0 : 2852, 1, 2024/04/01, 00:25:32.486, 12779896407630, vstest.console.dll, Occupied slots:

TpTrace Verbose: 0 : 2852, 1, 2024/04/01, 00:25:32.491, 12779896460121, vstest.console.dll, TestEngine.GetExecutionManager: Chosen execution manager 'Microsoft.VisualStudio.TestPlatform.CrossPlatEngine.Client.Parallel.ParallelProxyExecutionManager, Microsoft.TestPlatform.CrossPlatEngine, Version=15.0.0.0, Culture=neutral, PublicKeyToken=b03f5f7f11d50a3a' ParallelLevel '1'.
TpTrace Verbose: 0 : 2852, 1, 2024/04/01, 00:25:32.491, 12779896462049, vstest.console.dll, TestRunRequest.ExecuteAsync: Creating test run request.
TpTrace Verbose: 0 : 2852, 1, 2024/04/01, 00:25:32.492, 12779896465173, vstest.console.dll, TestRunRequest.ExecuteAsync: Starting.
TpTrace Information: 0 : 2852, 1, 2024/04/01, 00:25:32.494, 12779896491047, vstest.console.dll, TestRunRequest.ExecuteAsync: Starting run with settings:TestRunCriteria:
   KeepAlive=False,FrequencyOfRunStatsChangeEvent=10,RunStatsChangeEventTimeout=00:00:01.5000000,TestCaseFilter=,TestExecutorLauncher=
   Settingsxml=<RunSettings>
  <RunConfiguration>
    <ResultsDirectory>C:\Users\User\Desktop\Softuni QAF\Back End - MARCH\14.Exercise (CI) - part 2\12-Continuous-Integration-II-Resources\02-House-Renting-System-App\HouseRentingSystem.Tests\bin\Debug\net6.0\fine-code-coverage\coverage-tool-output</ResultsDirectory>
    <TargetPlatform>X64</TargetPlatform>
    <TargetFrameworkVersion>.NETCoreApp,Version=v6.0</TargetFrameworkVersion>
    <DesignMode>False</DesignMode>
    <CollectSourceInformation>False</CollectSourceInformation>
  </RunConfiguration>
  <LoggerRunSettings>
    <Loggers>
      <Logger friendlyName="blame" enabled="True" />
      <Logger friendlyName="Console" uri="logger://microsoft/TestPlatform/ConsoleLogger/v1" assemblyQualifiedName="Microsoft.VisualStudio.TestPlatform.CommandLine.Internal.ConsoleLogger, vstest.console, Version=15.0.0.0, Culture=neutral, PublicKeyToken=b03f5f7f11d50a3a" codeBase="C:\Program Files\dotnet\sdk\8.0.200\vstest.console.dll" enabled="True" />
    </Loggers>
  </LoggerRunSettings>
  <DataCollectionRunSettings>
    <DataCollectors>
      <DataCollector friendlyName="blame" enabled="True">
        <Configuration>
          <ResultsDirectory>C:\Users\User\Desktop\Softuni QAF\Back End - MARCH\14.Exercise (CI) - part 2\12-Continuous-Integration-II-Resources\02-House-Renting-System-App\HouseRentingSystem.Tests\bin\Debug\net6.0\fine-code-coverage\coverage-tool-output</ResultsDirectory>
        </Configuration>
      </DataCollector>
    </DataCollectors>
  </DataCollectionRunSettings>
</RunSettings>

TpTrace Verbose: 0 : 2852, 1, 2024/04/01, 00:25:32.494, 12779896493041, vstest.console.dll, TestRunRequest.ExecuteAsync: Wait for the first run request is over.
TpTrace Verbose: 0 : 2852, 1, 2024/04/01, 00:25:32.495, 12779896498400, vstest.console.dll, MulticastDelegateUtilities.SafeInvoke: TestRun.TestRunStart: Invoking callbacks was skipped because there are no subscribers.
TpTrace Verbose: 0 : 2852, 4, 2024/04/01, 00:25:32.495, 12779896500943, vstest.console.dll, MulticastDelegateUtilities.SafeInvoke: InternalTestLoggerEvents.SendTestRunStart: Invoking callback 1/1 for Microsoft.VisualStudio.TestPlatform.CommandLine.Internal.ConsoleLogger., took 0 ms.
TpTrace Verbose: 0 : 2852, 1, 2024/04/01, 00:25:32.496, 12779896514108, vstest.console.dll, ParallelProxyExecutionManager: Start execution. Total sources: 1
TpTrace Verbose: 0 : 2852, 1, 2024/04/01, 00:25:32.497, 12779896519024, vstest.console.dll, ParallelOperationManager.StartWork: Starting adding 1 workloads.
TpTrace Verbose: 0 : 2852, 1, 2024/04/01, 00:25:32.497, 12779896520068, vstest.console.dll, ParallelOperationManager.ClearSlots: Clearing all slots. Slots should accept more work: True
TpTrace Verbose: 0 : 2852, 1, 2024/04/01, 00:25:32.497, 12779896521195, vstest.console.dll, ParallelOperationManager.SetOccupiedSlotCount: Setting slot counts AvailableSlotCount = 3, OccupiedSlotCount = 0.
TpTrace Verbose: 0 : 2852, 1, 2024/04/01, 00:25:32.497, 12779896522043, vstest.console.dll, Occupied slots:

TpTrace Verbose: 0 : 2852, 1, 2024/04/01, 00:25:32.500, 12779896547341, vstest.console.dll, TestRequestSender is acting as server.
TpTrace Verbose: 0 : 2852, 1, 2024/04/01, 00:25:32.502, 12779896571164, vstest.console.dll, ParallelOperationManager.RunWorkInParallel: Adding 1 workload to slot, remaining workloads 0.
TpTrace Verbose: 0 : 2852, 1, 2024/04/01, 00:25:32.502, 12779896572081, vstest.console.dll, ParallelOperationManager.SetOccupiedSlotCount: Setting slot counts AvailableSlotCount = 2, OccupiedSlotCount = 1.
TpTrace Verbose: 0 : 2852, 1, 2024/04/01, 00:25:32.502, 12779896573721, vstest.console.dll, Occupied slots:
0: C:\Users\User\Desktop\Softuni QAF\Back End - MARCH\14.Exercise (CI) - part 2\12-Continuous-Integration-II-Resources\02-House-Renting-System-App\HouseRentingSystem.Tests\bin\Debug\net6.0\fine-code-coverage\build-output\HouseRentingSystem.Tests.dll
TpTrace Verbose: 0 : 2852, 1, 2024/04/01, 00:25:32.504, 12779896589513, vstest.console.dll, ParallelOperationManager.RunWorkInParallel: Started host in slot number 0 for work (source): C:\Users\User\Desktop\Softuni QAF\Back End - MARCH\14.Exercise (CI) - part 2\12-Continuous-Integration-II-Resources\02-House-Renting-System-App\HouseRentingSystem.Tests\bin\Debug\net6.0\fine-code-coverage\build-output\HouseRentingSystem.Tests.dll.
TpTrace Verbose: 0 : 2852, 1, 2024/04/01, 00:25:32.506, 12779896609695, vstest.console.dll, ParallelOperationManager.RunWorkInParallel: We started 1 work items, which is the max parallel level. Won't start more work.
TpTrace Verbose: 0 : 2852, 1, 2024/04/01, 00:25:32.506, 12779896610945, vstest.console.dll, ParallelOperationManager.RunWorkInParallel: We started 1 work items in here, returning True.
TpTrace Information: 0 : 2852, 1, 2024/04/01, 00:25:32.506, 12779896611556, vstest.console.dll, TestRunRequest.ExecuteAsync: Started.
TpTrace Verbose: 0 : 2852, 5, 2024/04/01, 00:25:32.507, 12779896620638, vstest.console.dll, ParallelProxyExecutionManager.StartTestRunOnConcurrentManager: Initializing uninitialized client. Started clients: 0
TpTrace Verbose: 0 : 2852, 5, 2024/04/01, 00:25:32.507, 12779896623774, vstest.console.dll, DataCollectionRequestSender.InitializeCommunication : Initialize communication. 
TpTrace Verbose: 0 : 2852, 1, 2024/04/01, 00:25:32.507, 12779896623903, vstest.console.dll, TestRunRequest.WaitForCompletion: Waiting with timeout -1.
TpTrace Information: 0 : 2852, 5, 2024/04/01, 00:25:32.520, 12779896750792, vstest.console.dll, Listening on Endpoint : 127.0.0.1:49468
TpTrace Verbose: 0 : 2852, 5, 2024/04/01, 00:25:32.532, 12779896870330, vstest.console.dll, DotnetDataCollectionLauncher: Adding  --runtimeconfig "C:\Program Files\dotnet\sdk\8.0.200\datacollector.runtimeconfig.json" in args
TpTrace Verbose: 0 : 2852, 5, 2024/04/01, 00:25:32.532, 12779896872828, vstest.console.dll, DotnetDataCollectionLauncher: Adding  --depsfile "C:\Program Files\dotnet\sdk\8.0.200\datacollector.deps.json" in args
TpTrace Verbose: 0 : 2852, 5, 2024/04/01, 00:25:32.533, 12779896876800, vstest.console.dll, DotnetDataCollectionLauncher: Full path of dotnet.exe is C:\Program Files\dotnet\dotnet.exe
TpTrace Information: 0 : 2852, 5, 2024/04/01, 00:25:32.549, 12779897041811, vstest.console.dll, ProxyDataCollectionManager.Initialize: Launched datacollector processId: 860 port: 49468
TpTrace Information: 0 : 2852, 5, 2024/04/01, 00:25:32.550, 12779897045296, vstest.console.dll, ProxyDataCollectionManager.Initialize: waiting for connection with timeout: 90 seconds
TpTrace Verbose: 0 : 2852, 5, 2024/04/01, 00:25:32.550, 12779897046808, vstest.console.dll, DataCollectionRequestSender.WaitForRequestHandlerConnection : Waiting for connection with timeout: 90000
TpTrace Information: 0 : 2852, 7, 2024/04/01, 00:25:32.869, 12779900238276, vstest.console.dll, Using the buffer size of 16384 bytes
TpTrace Verbose: 0 : 2852, 5, 2024/04/01, 00:25:32.869, 12779900238678, vstest.console.dll, SocketCommunicationManager.WaitForClientConnection took: 319 ms, with 90000 ms timeout, and finished with True.
TpTrace Information: 0 : 2852, 7, 2024/04/01, 00:25:32.869, 12779900240691, vstest.console.dll, Accepted Client request and set the flag
TpTrace Verbose: 0 : 2852, 5, 2024/04/01, 00:25:32.869, 12779900243226, vstest.console.dll, ProxyDataCollectionManager.InvokeDataCollectionServiceAction: Starting.
TpTrace Information: 0 : 2852, 5, 2024/04/01, 00:25:32.870, 12779900245971, vstest.console.dll, ProxyDataCollectionManager.BeforeTestRunStart: Get environment variable and port for datacollector processId: 860 port: 49468
TpTrace Verbose: 0 : 2852, 5, 2024/04/01, 00:25:32.870, 12779900249729, vstest.console.dll, DataCollectionRequestSender.SendBeforeTestRunStartAndGetResult: Send BeforeTestRunStart message with settingsXml <RunSettings><RunConfiguration><ResultsDirectory>C:\Users\User\Desktop\Softuni QAF\Back End - MARCH\14.Exercise (CI) - part 2\12-Continuous-Integration-II-Resources\02-House-Renting-System-App\HouseRentingSystem.Tests\bin\Debug\net6.0\fine-code-coverage\coverage-tool-output</ResultsDirectory><TargetPlatform>X64</TargetPlatform><TargetFrameworkVersion>.NETCoreApp,Version=v6.0</TargetFrameworkVersion><DesignMode>False</DesignMode><CollectSourceInformation>False</CollectSourceInformation><TestAdaptersPaths>C:\Program Files\dotnet\sdk\8.0.200\Extensions</TestAdaptersPaths></RunConfiguration><LoggerRunSettings><Loggers><Logger friendlyName="blame" enabled="True" /><Logger friendlyName="Console" uri="logger://microsoft/TestPlatform/ConsoleLogger/v1" assemblyQualifiedName="Microsoft.VisualStudio.TestPlatform.CommandLine.Internal.ConsoleLogger, vstest.console, Version=15.0.0.0, Culture=neutral, PublicKeyToken=b03f5f7f11d50a3a" codeBase="C:\Program Files\dotnet\sdk\8.0.200\vstest.console.dll" enabled="True" /></Loggers></LoggerRunSettings><DataCollectionRunSettings><DataCollectors><DataCollector friendlyName="blame" enabled="True"><Configuration><ResultsDirectory>C:\Users\User\Desktop\Softuni QAF\Back End - MARCH\14.Exercise (CI) - part 2\12-Continuous-Integration-II-Resources\02-House-Renting-System-App\HouseRentingSystem.Tests\bin\Debug\net6.0\fine-code-coverage\coverage-tool-output</ResultsDirectory></Configuration></DataCollector></DataCollectors></DataCollectionRunSettings></RunSettings> and sources System.Collections.Generic.List`1[System.String]: 
TpTrace Verbose: 0 : 2852, 5, 2024/04/01, 00:25:32.987, 12779901417764, vstest.console.dll, DataCollectionRequestSender.SendBeforeTestRunStartAndGetResult: Received message: (DataCollection.SendMessage) -> {"MessageType":"DataCollection.SendMessage","Payload":{"FriendlyName":null,"Uri":null,"TestCaseId":"00000000-0000-0000-0000-000000000000","Message":"Logging DataCollector Diagnostics in file: C:\\Users\\User\\Desktop\\Softuni QAF\\Back End - MARCH\\14.Exercise (CI) - part 2\\12-Continuous-Integration-II-Resources\\02-House-Renting-System-App\\HouseRentingSystem.Tests\\bin\\Debug\\net6.0\\fine-code-coverage\\coverage-tool-output\\diagnostics.datacollector.24-04-01_00-25-32_53192_5.log","Level":0}}
TpTrace Verbose: 0 : 2852, 5, 2024/04/01, 00:25:33.163, 12779903175362, vstest.console.dll, DataCollectionRequestSender.SendBeforeTestRunStartAndGetResult: Received message: (DataCollection.BeforeTestRunStartResult) -> {"MessageType":"DataCollection.BeforeTestRunStartResult","Payload":{"EnvironmentVariables":{},"DataCollectionEventsPort":49470}}
TpTrace Information: 0 : 2852, 5, 2024/04/01, 00:25:33.172, 12779903267274, vstest.console.dll, ProxyDataCollectionManager.BeforeTestRunStart: SendBeforeTestRunStartAndGetResult successful, env variable from datacollector:   and testhost port: 49470
TpTrace Information: 0 : 2852, 5, 2024/04/01, 00:25:33.172, 12779903268702, vstest.console.dll, ProxyDataCollectionManager.InvokeDataCollectionServiceAction: Completed.
TpTrace Verbose: 0 : 2852, 5, 2024/04/01, 00:25:33.172, 12779903269525, vstest.console.dll, ParallelProxyExecutionManager.StartTestRunOnConcurrentManager: Initializing test run. Started clients: 0
TpTrace Verbose: 0 : 2852, 5, 2024/04/01, 00:25:33.172, 12779903271115, vstest.console.dll, ProxyExecutionManager: Test host is always Lazy initialize.
TpTrace Verbose: 0 : 2852, 5, 2024/04/01, 00:25:33.172, 12779903274029, vstest.console.dll, TestRequestSender.InitializeCommunication: initialize communication. 
TpTrace Information: 0 : 2852, 5, 2024/04/01, 00:25:33.173, 12779903280522, vstest.console.dll, SocketServer.Start: Listening on endpoint : 127.0.0.1:49471
TpTrace Verbose: 0 : 2852, 5, 2024/04/01, 00:25:33.174, 12779903290759, vstest.console.dll, DotnetTestHostmanager.GetTestHostProcessStartInfo: Platform environment 'X64' target architecture 'X64' framework '.NETCoreApp,Version=v6.0' OS 'Windows'
TpTrace Verbose: 0 : 2852, 5, 2024/04/01, 00:25:33.174, 12779903293989, vstest.console.dll, DotnetTestHostmanager: File C:\Users\User\Desktop\Softuni QAF\Back End - MARCH\14.Exercise (CI) - part 2\12-Continuous-Integration-II-Resources\02-House-Renting-System-App\HouseRentingSystem.Tests\bin\Debug\net6.0\fine-code-coverage\build-output\HouseRentingSystem.Tests.runtimeconfig.json, does not exist
TpTrace Verbose: 0 : 2852, 5, 2024/04/01, 00:25:33.175, 12779903296308, vstest.console.dll, DotnetTestHostmanager: Adding  --depsfile "C:\Users\User\Desktop\Softuni QAF\Back End - MARCH\14.Exercise (CI) - part 2\12-Continuous-Integration-II-Resources\02-House-Renting-System-App\HouseRentingSystem.Tests\bin\Debug\net6.0\fine-code-coverage\build-output\HouseRentingSystem.Tests.deps.json" in args
TpTrace Verbose: 0 : 2852, 5, 2024/04/01, 00:25:33.175, 12779903301305, vstest.console.dll, DotnetTestHostmanager.IsWinOnArm: Current PROCESSOR_ARCHITECTURE from environment variable 'AMD64'
TpTrace Verbose: 0 : 2852, 5, 2024/04/01, 00:25:33.175, 12779903302415, vstest.console.dll, DotnetTestHostmanager.IsWinOnArm: Is Windows on ARM 'False'
TpTrace Verbose: 0 : 2852, 5, 2024/04/01, 00:25:33.175, 12779903304164, vstest.console.dll, DotnetTestHostManager: testhost.exe found at path: C:\Users\User\Desktop\Softuni QAF\Back End - MARCH\14.Exercise (CI) - part 2\12-Continuous-Integration-II-Resources\02-House-Renting-System-App\HouseRentingSystem.Tests\bin\Debug\net6.0\fine-code-coverage\build-output\testhost.exe
TpTrace Verbose: 0 : 2852, 5, 2024/04/01, 00:25:33.176, 12779903305533, vstest.console.dll, DotnetTestHostmanager: Full path of host exe is C:\Users\User\Desktop\Softuni QAF\Back End - MARCH\14.Exercise (CI) - part 2\12-Continuous-Integration-II-Resources\02-House-Renting-System-App\HouseRentingSystem.Tests\bin\Debug\net6.0\fine-code-coverage\build-output\testhost.exe
TpTrace Verbose: 0 : 2852, 5, 2024/04/01, 00:25:33.176, 12779903308912, vstest.console.dll, DotnetTestHostmanager.LaunchTestHostAsync: Found 'VSTEST_WINAPPHOST_DOTNET_ROOT' in env variables, value 'C:\Program Files\dotnet', forwarding to 'DOTNET_ROOT'
TpTrace Verbose: 0 : 2852, 5, 2024/04/01, 00:25:33.176, 12779903313076, vstest.console.dll, DotnetTestHostManager: Starting process 'C:\Users\User\Desktop\Softuni QAF\Back End - MARCH\14.Exercise (CI) - part 2\12-Continuous-Integration-II-Resources\02-House-Renting-System-App\HouseRentingSystem.Tests\bin\Debug\net6.0\fine-code-coverage\build-output\testhost.exe' with command line ' --depsfile "C:\Users\User\Desktop\Softuni QAF\Back End - MARCH\14.Exercise (CI) - part 2\12-Continuous-Integration-II-Resources\02-House-Renting-System-App\HouseRentingSystem.Tests\bin\Debug\net6.0\fine-code-coverage\build-output\HouseRentingSystem.Tests.deps.json" --port 49471 --endpoint 127.0.0.1:049471 --role client --parentprocessid 2852 --diag "C:\Users\User\Desktop\Softuni QAF\Back End - MARCH\14.Exercise (CI) - part 2\12-Continuous-Integration-II-Resources\02-House-Renting-System-App\HouseRentingSystem.Tests\bin\Debug\net6.0\fine-code-coverage\coverage-tool-output\diagnostics.host.24-04-01_00-25-33_17406_5.log" --tracelevel 4 --datacollectionport 49470 --telemetryoptedin false'
TpTrace Verbose: 0 : 2852, 5, 2024/04/01, 00:25:33.192, 12779903474313, vstest.console.dll, MulticastDelegateUtilities.SafeInvoke: HostProviderEvents.OnHostLaunched: Invoking callback 1/2 for Microsoft.VisualStudio.TestPlatform.CrossPlatEngine.Client.ProxyExecutionManagerWithDataCollection., took 1 ms.
TpTrace Verbose: 0 : 2852, 5, 2024/04/01, 00:25:33.193, 12779903479603, vstest.console.dll, Test Runtime launched
TpTrace Verbose: 0 : 2852, 5, 2024/04/01, 00:25:33.193, 12779903481852, vstest.console.dll, MulticastDelegateUtilities.SafeInvoke: HostProviderEvents.OnHostLaunched: Invoking callback 2/2 for Microsoft.VisualStudio.TestPlatform.CrossPlatEngine.Client.ProxyOperationManager., took 0 ms.
TpTrace Verbose: 0 : 2852, 5, 2024/04/01, 00:25:33.193, 12779903484377, vstest.console.dll, TestRequestSender.WaitForRequestHandlerConnection: waiting for connection with timeout: 90000.
TpTrace Verbose: 0 : 2852, 12, 2024/04/01, 00:25:33.258, 12779904133980, vstest.console.dll, TestHostManagerCallbacks.ctor: Experimental forwarding output is disabled.
TpTrace Warning: 0 : 2852, 12, 2024/04/01, 00:25:33.259, 12779904135706, vstest.console.dll, TestHostManagerCallbacks.ErrorReceivedCallback Test host standard error line: A fatal error was encountered. The library 'hostpolicy.dll' required to execute the application was not found in 'C:\Program Files\dotnet'.
TpTrace Verbose: 0 : 2852, 12, 2024/04/01, 00:25:33.259, 12779904137623, vstest.console.dll, TestHostManagerCallbacks.ctor: Experimental forwarding output is disabled.
TpTrace Warning: 0 : 2852, 12, 2024/04/01, 00:25:33.259, 12779904138453, vstest.console.dll, TestHostManagerCallbacks.ErrorReceivedCallback Test host standard error line: Failed to run as a self-contained app.
TpTrace Verbose: 0 : 2852, 12, 2024/04/01, 00:25:33.259, 12779904138966, vstest.console.dll, TestHostManagerCallbacks.ctor: Experimental forwarding output is disabled.
TpTrace Warning: 0 : 2852, 12, 2024/04/01, 00:25:33.259, 12779904139500, vstest.console.dll, TestHostManagerCallbacks.ErrorReceivedCallback Test host standard error line:   - The application was run as a self-contained app because 'C:\Users\User\Desktop\Softuni QAF\Back End - MARCH\14.Exercise (CI) - part 2\12-Continuous-Integration-II-Resources\02-House-Renting-System-App\HouseRentingSystem.Tests\bin\Debug\net6.0\fine-code-coverage\build-output\testhost.runtimeconfig.json' was not found.
TpTrace Verbose: 0 : 2852, 12, 2024/04/01, 00:25:33.259, 12779904140093, vstest.console.dll, TestHostManagerCallbacks.ctor: Experimental forwarding output is disabled.
TpTrace Warning: 0 : 2852, 12, 2024/04/01, 00:25:33.259, 12779904140586, vstest.console.dll, TestHostManagerCallbacks.ErrorReceivedCallback Test host standard error line:   - If this should be a framework-dependent app, add the 'C:\Users\User\Desktop\Softuni QAF\Back End - MARCH\14.Exercise (CI) - part 2\12-Continuous-Integration-II-Resources\02-House-Renting-System-App\HouseRentingSystem.Tests\bin\Debug\net6.0\fine-code-coverage\build-output\testhost.runtimeconfig.json' file and specify the appropriate framework.
TpTrace Verbose: 0 : 2852, 12, 2024/04/01, 00:25:33.259, 12779904144648, vstest.console.dll, TestHostManagerCallbacks.ctor: Experimental forwarding output is disabled.
TpTrace Warning: 0 : 2852, 12, 2024/04/01, 00:25:33.260, 12779904146011, vstest.console.dll, TestHostManagerCallbacks.ErrorReceivedCallback Test host standard error line: 
TpTrace Verbose: 0 : 2852, 12, 2024/04/01, 00:25:33.262, 12779904174845, vstest.console.dll, TestHostProvider.ExitCallBack: Host exited starting callback.
TpTrace Error: 0 : 2852, 12, 2024/04/01, 00:25:33.263, 12779904178947, vstest.console.dll, TestHostManagerCallbacks.ExitCallBack: Testhost processId: 13588 exited with exitcode: -2147450749 error: 'A fatal error was encountered. The library 'hostpolicy.dll' required to execute the application was not found in 'C:\Program Files\dotnet'.
Failed to run as a self-contained app.
  - The application was run as a self-contained app because 'C:\Users\User\Desktop\Softuni QAF\Back End - MARCH\14.Exercise (CI) - part 2\12-Continuous-Integration-II-Resources\02-House-Renting-System-App\HouseRentingSystem.Tests\bin\Debug\net6.0\fine-code-coverage\build-output\testhost.runtimeconfig.json' was not found.
  - If this should be a framework-dependent app, add the 'C:\Users\User\Desktop\Softuni QAF\Back End - MARCH\14.Exercise (CI) - part 2\12-Continuous-Integration-II-Resources\02-House-Renting-System-App\HouseRentingSystem.Tests\bin\Debug\net6.0\fine-code-coverage\build-output\testhost.runtimeconfig.json' file and specify the appropriate framework.
'
TpTrace Verbose: 0 : 2852, 12, 2024/04/01, 00:25:33.263, 12779904180820, vstest.console.dll, DotnetTestHostManager.OnHostExited: invoking OnHostExited callback
TpTrace Verbose: 0 : 2852, 12, 2024/04/01, 00:25:33.263, 12779904181878, vstest.console.dll, CrossPlatEngine.TestHostManagerHostExited: calling on client process exit callback.
TpTrace Information: 0 : 2852, 12, 2024/04/01, 00:25:33.263, 12779904182704, vstest.console.dll, TestRequestSender.OnClientProcessExit: Test host process exited. Standard error: A fatal error was encountered. The library 'hostpolicy.dll' required to execute the application was not found in 'C:\Program Files\dotnet'.
Failed to run as a self-contained app.
  - The application was run as a self-contained app because 'C:\Users\User\Desktop\Softuni QAF\Back End - MARCH\14.Exercise (CI) - part 2\12-Continuous-Integration-II-Resources\02-House-Renting-System-App\HouseRentingSystem.Tests\bin\Debug\net6.0\fine-code-coverage\build-output\testhost.runtimeconfig.json' was not found.
  - If this should be a framework-dependent app, add the 'C:\Users\User\Desktop\Softuni QAF\Back End - MARCH\14.Exercise (CI) - part 2\12-Continuous-Integration-II-Resources\02-House-Renting-System-App\HouseRentingSystem.Tests\bin\Debug\net6.0\fine-code-coverage\build-output\testhost.runtimeconfig.json' file and specify the appropriate framework.

TpTrace Information: 0 : 2852, 12, 2024/04/01, 00:25:33.263, 12779904183611, vstest.console.dll, SocketServer.Stop: Stop server endPoint: 127.0.0.1:49471
TpTrace Verbose: 0 : 2852, 5, 2024/04/01, 00:25:33.263, 12779904184399, vstest.console.dll, TestRequestSender.WaitForRequestHandlerConnection: waiting took 69 ms, with timeout 90000 ms, and result 2, which is failure.
TpTrace Information: 0 : 2852, 12, 2024/04/01, 00:25:33.263, 12779904184482, vstest.console.dll, SocketServer.Stop: Cancellation requested. Stopping message loop.
TpTrace Verbose: 0 : 2852, 5, 2024/04/01, 00:25:33.264, 12779904185598, vstest.console.dll, Test host failed to start Test host launched:True test host exited: True
TpTrace Verbose: 0 : 2852, 12, 2024/04/01, 00:25:33.264, 12779904187787, vstest.console.dll, MulticastDelegateUtilities.SafeInvoke: HostProviderEvents.OnHostExited: Invoking callback 1/1 for Microsoft.VisualStudio.TestPlatform.CrossPlatEngine.Client.ProxyOperationManager., took 0 ms.
TpTrace Error: 0 : 2852, 5, 2024/04/01, 00:25:33.266, 12779904208935, vstest.console.dll, ProxyExecutionManager.StartTestRun: Failed to start test run: Microsoft.VisualStudio.TestPlatform.ObjectModel.TestPlatformException: Testhost process for source(s) 'C:\Users\User\Desktop\Softuni QAF\Back End - MARCH\14.Exercise (CI) - part 2\12-Continuous-Integration-II-Resources\02-House-Renting-System-App\HouseRentingSystem.Tests\bin\Debug\net6.0\fine-code-coverage\build-output\HouseRentingSystem.Tests.dll' exited with error: A fatal error was encountered. The library 'hostpolicy.dll' required to execute the application was not found in 'C:\Program Files\dotnet'.
Failed to run as a self-contained app.
  - The application was run as a self-contained app because 'C:\Users\User\Desktop\Softuni QAF\Back End - MARCH\14.Exercise (CI) - part 2\12-Continuous-Integration-II-Resources\02-House-Renting-System-App\HouseRentingSystem.Tests\bin\Debug\net6.0\fine-code-coverage\build-output\testhost.runtimeconfig.json' was not found.
  - If this should be a framework-dependent app, add the 'C:\Users\User\Desktop\Softuni QAF\Back End - MARCH\14.Exercise (CI) - part 2\12-Continuous-Integration-II-Resources\02-House-Renting-System-App\HouseRentingSystem.Tests\bin\Debug\net6.0\fine-code-coverage\build-output\testhost.runtimeconfig.json' file and specify the appropriate framework.
. Please check the diagnostic logs for more information.
   at Microsoft.VisualStudio.TestPlatform.CrossPlatEngine.Client.ProxyOperationManager.ThrowOnTestHostExited(IEnumerable`1 sources, Boolean testHostExited) in /_/src/Microsoft.TestPlatform.CrossPlatEngine/Client/ProxyOperationManager.cs:line 520
   at Microsoft.VisualStudio.TestPlatform.CrossPlatEngine.Client.ProxyOperationManager.SetupChannel(IEnumerable`1 sources, String runSettings) in /_/src/Microsoft.TestPlatform.CrossPlatEngine/Client/ProxyOperationManager.cs:line 290
   at Microsoft.VisualStudio.TestPlatform.CrossPlatEngine.Client.ProxyExecutionManager.InitializeTestRun(TestRunCriteria testRunCriteria, IInternalTestRunEventsHandler eventHandler) in /_/src/Microsoft.TestPlatform.CrossPlatEngine/Client/ProxyExecutionManager.cs:line 182
TpTrace Verbose: 0 : 2852, 5, 2024/04/01, 00:25:33.268, 12779904227253, vstest.console.dll, TestRunRequest:SendTestRunMessage: Starting.
TpTrace Verbose: 0 : 2852, 5, 2024/04/01, 00:25:33.268, 12779904229336, vstest.console.dll, MulticastDelegateUtilities.SafeInvoke: TestRun.LogMessages: Invoking callback 1/1 for Microsoft.VisualStudio.TestPlatform.CommandLine.TestRunResultAggregator., took 0 ms.
TpTrace Information: 0 : 2852, 5, 2024/04/01, 00:25:33.268, 12779904230160, vstest.console.dll, TestRunRequest:SendTestRunMessage: Completed.
TpTrace Verbose: 0 : 2852, 4, 2024/04/01, 00:25:33.268, 12779904233747, vstest.console.dll, MulticastDelegateUtilities.SafeInvoke: InternalTestLoggerEvents.SendTestRunMessage: Invoking callback 1/1 for Microsoft.VisualStudio.TestPlatform.CommandLine.Internal.ConsoleLogger., took 0 ms.
TpTrace Verbose: 0 : 2852, 5, 2024/04/01, 00:25:33.281, 12779904356252, vstest.console.dll, TestRequestSender.EndSession: Sending end session.
TpTrace Verbose: 0 : 2852, 5, 2024/04/01, 00:25:33.281, 12779904357630, vstest.console.dll, ProxyOperationManager.Close: waiting for test host to exit for 100 ms
TpTrace Information: 0 : 2852, 5, 2024/04/01, 00:25:33.281, 12779904358697, vstest.console.dll, SocketServer.Stop: Stop server endPoint: 127.0.0.1:49471
TpTrace Information: 0 : 2852, 5, 2024/04/01, 00:25:33.281, 12779904359265, vstest.console.dll, SocketServer.Stop: Cancellation requested. Stopping message loop.
TpTrace Information: 0 : 2852, 5, 2024/04/01, 00:25:33.281, 12779904359898, vstest.console.dll, Closing the connection
TpTrace Verbose: 0 : 2852, 5, 2024/04/01, 00:25:33.282, 12779904365314, vstest.console.dll, ParallelProxyExecutionManager: HandlePartialRunComplete: Total workloads = 1, Total started clients = 1 Total completed clients = 1, Run complete = True, Run canceled: False.
TpTrace Verbose: 0 : 2852, 5, 2024/04/01, 00:25:33.282, 12779904366117, vstest.console.dll, ParallelProxyExecutionManager: HandlePartialRunComplete: All runs completed stopping all managers.
TpTrace Verbose: 0 : 2852, 5, 2024/04/01, 00:25:33.282, 12779904366710, vstest.console.dll, ParallelOperationManager.StopAllManagers: Stopping all managers.
TpTrace Verbose: 0 : 2852, 5, 2024/04/01, 00:25:33.282, 12779904367247, vstest.console.dll, ParallelOperationManager.ClearSlots: Clearing all slots. Slots should accept more work: False
TpTrace Verbose: 0 : 2852, 5, 2024/04/01, 00:25:33.282, 12779904368214, vstest.console.dll, ParallelOperationManager.SetOccupiedSlotCount: Setting slot counts AvailableSlotCount = 3, OccupiedSlotCount = 0.
TpTrace Verbose: 0 : 2852, 5, 2024/04/01, 00:25:33.282, 12779904368774, vstest.console.dll, Occupied slots:

TpTrace Verbose: 0 : 2852, 4, 2024/04/01, 00:25:33.319, 12779904735939, vstest.console.dll, MulticastDelegateUtilities.SafeInvoke: InternalTestLoggerEvents.SendTestRunComplete: Invoking callback 1/2 for Microsoft.TestPlatform.Extensions.BlameDataCollector.BlameLogger., took 0 ms.
TpTrace Verbose: 0 : 2852, 4, 2024/04/01, 00:25:33.324, 12779904793455, vstest.console.dll, MulticastDelegateUtilities.SafeInvoke: InternalTestLoggerEvents.SendTestRunComplete: Invoking callback 2/2 for Microsoft.VisualStudio.TestPlatform.CommandLine.Internal.ConsoleLogger., took 5 ms.
TpTrace Verbose: 0 : 2852, 5, 2024/04/01, 00:25:33.325, 12779904798228, vstest.console.dll, TestRunRequest:TestRunComplete: Starting. IsAborted:True IsCanceled:False.
TpTrace Verbose: 0 : 2852, 5, 2024/04/01, 00:25:33.325, 12779904800625, vstest.console.dll, ParallelOperationManager.DoActionOnAllManagers: Calling an action on all managers.
TpTrace Verbose: 0 : 2852, 5, 2024/04/01, 00:25:33.326, 12779904812304, vstest.console.dll, TestLoggerManager.HandleTestRunComplete: Ignoring as the object is disposed.
TpTrace Verbose: 0 : 2852, 5, 2024/04/01, 00:25:33.326, 12779904813575, vstest.console.dll, MulticastDelegateUtilities.SafeInvoke: TestRun.TestRunComplete: Invoking callback 1/2 for Microsoft.VisualStudio.TestPlatform.CommandLine.TestRunResultAggregator., took 0 ms.
TpTrace Verbose: 0 : 2852, 5, 2024/04/01, 00:25:33.326, 12779904814942, vstest.console.dll, MulticastDelegateUtilities.SafeInvoke: TestRun.TestRunComplete: Invoking callback 2/2 for Microsoft.VisualStudio.TestPlatform.CommandLine.Processors.RunTestsArgumentExecutor+TestRunRequestEventsRegistrar., took 0 ms.
TpTrace Information: 0 : 2852, 5, 2024/04/01, 00:25:33.327, 12779904816494, vstest.console.dll, TestRunRequest:TestRunComplete: Completed.
TpTrace Verbose: 0 : 2852, 1, 2024/04/01, 00:25:33.327, 12779904816721, vstest.console.dll, TestRunRequest.Dispose: Starting.
TpTrace Verbose: 0 : 2852, 5, 2024/04/01, 00:25:33.327, 12779904818013, vstest.console.dll, ParallelProxyExecutionManager.StartTestRunOnConcurrentManager: Execution starting. Started clients: 1
TpTrace Information: 0 : 2852, 1, 2024/04/01, 00:25:33.327, 12779904818974, vstest.console.dll, TestRunRequest.Dispose: Completed.
TpTrace Information: 0 : 2852, 1, 2024/04/01, 00:25:33.327, 12779904820901, vstest.console.dll, TestRequestManager.RunTests: run tests completed.
TpTrace Information: 0 : 2852, 1, 2024/04/01, 00:25:33.327, 12779904822186, vstest.console.dll, RunTestsArgumentProcessor:Execute: Test run is completed.
TpTrace Verbose: 0 : 2852, 5, 2024/04/01, 00:25:33.327, 12779904823397, vstest.console.dll, TestRunRequest:SendTestRunMessage: Starting.
TpTrace Warning: 0 : 2852, 5, 2024/04/01, 00:25:33.327, 12779904824373, vstest.console.dll, TestRunRequest.SendTestRunMessage: Ignoring as the object is disposed.
TpTrace Verbose: 0 : 2852, 1, 2024/04/01, 00:25:33.327, 12779904824861, vstest.console.dll, Executor.Execute: Exiting with exit code of 1
TpTrace Verbose: 0 : 2852, 5, 2024/04/01, 00:25:33.328, 12779904826069, vstest.console.dll, ProxyExecutionManager: Test host is always Lazy initialize.
TpTrace Verbose: 0 : 2852, 5, 2024/04/01, 00:25:33.328, 12779904827748, vstest.console.dll, TestRequestSender.InitializeCommunication: initialize communication. 
